SF:lib/models/post.dart
DA:13,1
DA:26,1
DA:27,1
DA:29,1
DA:30,2
DA:31,0
DA:34,1
DA:36,1
DA:37,2
DA:38,2
DA:42,1
DA:44,1
DA:45,2
DA:46,0
DA:50,1
DA:51,1
DA:52,1
DA:53,1
DA:54,1
DA:55,1
DA:57,2
DA:60,1
DA:61,1
DA:63,0
DA:66,1
DA:67,1
DA:68,3
DA:69,1
DA:70,3
DA:72,3
DA:73,3
DA:75,1
DA:76,3
DA:77,1
DA:78,0
DA:80,2
DA:81,3
DA:83,3
DA:84,3
LF:39
LH:35
end_of_record
SF:lib/main.dart
DA:22,0
DA:23,0
DA:31,0
DA:37,0
DA:42,3
DA:43,0
DA:44,0
DA:48,0
DA:50,0
DA:51,0
DA:52,0
DA:53,0
DA:55,0
DA:56,0
DA:57,0
DA:60,0
DA:61,0
DA:62,0
DA:63,0
DA:64,0
DA:65,0
DA:66,0
DA:67,0
DA:68,0
DA:69,0
DA:70,0
DA:71,0
DA:72,0
DA:73,0
DA:84,0
DA:86,0
DA:87,0
DA:96,0
DA:98,0
DA:100,0
DA:103,0
DA:105,0
DA:106,0
DA:108,0
DA:110,0
DA:111,0
DA:112,0
DA:116,0
DA:118,0
DA:122,0
DA:123,0
DA:124,0
DA:129,0
DA:134,0
DA:135,0
DA:136,0
DA:137,0
DA:141,0
DA:142,0
DA:143,0
DA:148,0
DA:149,0
DA:150,0
DA:155,0
DA:158,0
DA:161,0
DA:164,0
DA:167,0
LF:63
LH:1
end_of_record
SF:lib/providers/feed_provider.dart
DA:12,0
DA:13,0
DA:14,0
DA:15,0
DA:17,0
DA:18,0
DA:19,0
DA:20,0
DA:21,0
DA:23,0
DA:24,0
DA:26,0
DA:28,0
DA:29,0
DA:32,0
LF:15
LH:0
end_of_record
SF:lib/services/auth_service.dart
DA:8,4
DA:14,0
DA:19,0
DA:23,0
DA:24,0
DA:25,0
DA:26,0
DA:29,0
DA:34,0
DA:35,0
DA:36,0
DA:37,0
DA:41,0
DA:42,0
DA:50,0
DA:51,0
DA:58,0
DA:64,0
DA:72,0
DA:76,0
DA:78,0
DA:79,0
DA:80,0
DA:90,1
DA:91,2
DA:94,1
DA:122,0
DA:127,0
DA:132,0
DA:135,0
DA:138,0
DA:143,0
DA:145,0
DA:146,0
DA:159,1
DA:160,3
DA:161,2
DA:169,1
DA:170,2
DA:175,0
DA:179,2
DA:185,0
DA:191,0
DA:194,0
DA:195,0
DA:196,0
DA:198,0
DA:202,0
DA:203,0
DA:204,0
DA:205,0
DA:206,0
DA:209,0
DA:210,0
DA:213,0
DA:216,0
DA:217,0
DA:218,0
DA:226,0
DA:227,0
DA:228,0
DA:231,0
DA:234,0
DA:235,0
DA:236,0
DA:243,0
DA:244,0
DA:245,0
DA:248,0
DA:251,0
DA:252,0
DA:253,0
DA:261,0
DA:262,0
DA:265,0
DA:267,0
DA:268,0
DA:269,0
DA:270,0
DA:278,0
DA:283,0
DA:292,0
DA:299,0
DA:304,0
DA:305,0
DA:307,0
DA:308,0
DA:311,0
DA:312,0
DA:318,0
DA:319,0
DA:320,0
DA:328,0
DA:332,0
DA:334,0
DA:338,0
DA:340,0
DA:343,0
DA:345,0
DA:346,0
DA:349,0
DA:350,0
DA:359,0
DA:360,0
DA:361,0
DA:362,0
LF:106
LH:10
end_of_record
SF:lib/utils/theme.dart
DA:5,0
DA:24,0
DA:25,0
DA:30,0
DA:31,0
DA:40,0
DA:41,0
DA:42,0
LF:8
LH:0
end_of_record
SF:lib/screens/login_screen.dart
DA:9,3
DA:11,1
DA:12,1
DA:21,0
DA:23,0
DA:24,0
DA:25,0
DA:26,0
DA:27,0
DA:31,0
DA:33,0
DA:34,0
DA:35,0
DA:38,0
DA:40,0
DA:41,0
DA:42,0
DA:45,0
DA:47,0
DA:48,0
DA:49,0
DA:51,0
DA:54,1
DA:57,1
DA:59,1
DA:60,1
DA:61,1
DA:63,1
DA:66,1
DA:68,1
DA:69,1
DA:72,1
DA:73,1
DA:75,1
DA:77,1
DA:78,1
DA:83,1
DA:84,1
DA:86,1
DA:88,1
DA:89,1
DA:94,1
DA:96,1
DA:97,1
DA:98,1
DA:101,1
DA:102,1
DA:111,1
DA:113,1
DA:114,1
DA:115,1
DA:123,1
DA:125,1
DA:126,1
DA:127,1
DA:136,1
DA:150,1
DA:152,1
DA:153,1
DA:154,1
DA:158,0
DA:159,0
DA:162,3
DA:163,0
DA:164,3
DA:165,0
DA:166,0
DA:167,0
DA:168,0
DA:174,1
DA:175,1
DA:176,1
DA:177,1
DA:179,1
DA:180,1
DA:200,1
DA:202,1
DA:204,1
DA:206,1
DA:207,1
DA:208,1
DA:209,1
DA:212,1
DA:214,1
DA:216,1
DA:217,1
DA:218,3
DA:224,2
LF:88
LH:62
end_of_record
SF:lib/screens/auth/signup_screen.dart
DA:6,4
DA:8,0
DA:9,0
DA:23,0
DA:24,0
DA:25,0
DA:26,0
DA:27,0
DA:28,0
DA:29,0
DA:30,0
DA:31,0
DA:32,0
DA:34,0
DA:35,0
DA:36,0
DA:37,0
DA:38,0
DA:39,0
DA:42,0
DA:46,0
DA:53,0
DA:54,0
DA:55,0
DA:56,0
DA:57,0
DA:61,0
DA:62,0
DA:64,0
DA:65,0
DA:67,0
DA:70,0
DA:72,0
DA:73,0
DA:74,0
DA:82,0
DA:83,0
DA:85,0
DA:86,0
DA:87,0
DA:88,0
DA:89,0
DA:91,0
DA:92,0
DA:97,0
DA:98,0
DA:100,0
DA:102,0
DA:103,0
DA:108,0
DA:109,0
DA:111,0
DA:113,0
DA:114,0
DA:119,0
DA:120,0
DA:122,0
DA:124,0
DA:125,0
DA:130,0
DA:131,0
DA:133,0
DA:135,0
DA:136,0
DA:141,0
DA:142,0
DA:145,0
DA:152,0
DA:153,0
DA:154,0
DA:155,0
DA:156,0
DA:159,0
DA:160,0
LF:74
LH:1
end_of_record
SF:lib/screens/auth/reset_password_screen.dart
DA:4,2
DA:6,0
DA:8,0
DA:9,0
DA:10,0
DA:11,0
DA:12,0
DA:14,0
LF:8
LH:1
end_of_record
SF:lib/screens/landing_screen.dart
DA:20,3
DA:22,0
DA:23,0
DA:34,0
DA:35,0
DA:41,0
DA:43,0
DA:44,0
DA:47,0
DA:48,0
DA:49,0
DA:51,0
DA:56,0
DA:57,0
DA:58,0
DA:61,0
DA:63,0
DA:66,0
DA:67,0
DA:69,0
DA:71,0
DA:78,0
DA:79,0
DA:80,0
DA:81,0
DA:82,0
DA:83,0
DA:84,0
DA:91,0
DA:102,0
DA:108,0
DA:109,0
DA:113,0
DA:115,0
DA:117,0
DA:118,0
DA:122,0
DA:125,0
DA:126,0
DA:128,0
DA:129,0
DA:131,0
DA:132,0
DA:133,0
DA:134,0
DA:143,0
DA:144,0
DA:146,0
DA:147,0
DA:148,0
DA:149,0
DA:154,0
DA:156,0
DA:157,0
DA:158,0
DA:159,0
DA:164,0
DA:166,0
DA:167,0
DA:168,0
DA:170,0
DA:180,0
DA:182,0
DA:183,0
DA:184,0
DA:192,0
DA:194,0
DA:196,0
DA:197,0
DA:198,0
DA:211,0
DA:212,0
DA:213,0
DA:214,0
DA:216,0
LF:75
LH:1
end_of_record
SF:lib/screens/profile_screen.dart
DA:16,6
DA:18,1
DA:19,1
DA:35,1
DA:37,1
DA:38,2
DA:39,3
DA:40,3
DA:41,4
DA:42,4
DA:43,4
DA:44,3
DA:45,3
DA:46,3
DA:48,0
DA:49,0
DA:53,0
DA:54,0
DA:55,0
DA:56,0
DA:58,0
DA:59,0
DA:65,0
DA:66,0
DA:67,0
DA:69,0
DA:74,0
DA:75,0
DA:76,0
DA:77,0
DA:78,0
DA:79,0
DA:80,0
DA:81,0
DA:82,0
DA:83,0
DA:84,0
DA:85,0
DA:86,0
DA:87,0
DA:88,0
DA:89,0
DA:92,0
DA:93,0
DA:94,0
DA:98,1
DA:99,1
DA:100,3
DA:101,1
DA:103,0
DA:107,1
DA:109,1
DA:111,0
DA:113,0
DA:114,0
DA:115,0
DA:116,0
DA:124,0
DA:125,0
DA:126,0
DA:131,2
DA:132,1
DA:133,2
DA:134,3
DA:135,3
DA:136,3
DA:138,1
DA:140,2
DA:142,0
DA:143,0
DA:144,0
DA:145,0
DA:146,0
DA:147,0
DA:148,0
DA:149,0
DA:152,3
DA:153,1
DA:154,3
DA:155,3
DA:163,0
DA:164,0
DA:165,0
DA:167,0
DA:171,1
DA:173,1
DA:174,0
DA:175,2
DA:176,0
DA:178,1
DA:179,3
DA:182,1
DA:184,1
DA:185,1
DA:187,1
DA:190,2
DA:191,1
DA:193,1
DA:199,1
DA:201,2
DA:202,2
DA:206,1
DA:208,1
DA:212,1
DA:214,1
DA:216,1
DA:222,1
DA:224,1
DA:226,1
DA:227,1
DA:228,1
DA:230,1
DA:231,1
DA:233,1
DA:238,1
DA:243,1
DA:244,1
DA:251,2
DA:253,2
DA:255,2
DA:258,1
DA:260,1
DA:261,0
DA:262,0
DA:263,0
DA:272,1
DA:277,1
DA:280,1
DA:282,2
DA:284,1
LF:130
LH:73
end_of_record
SF:lib/screens/notification_screen.dart
DA:11,9
DA:13,1
DA:14,1
DA:23,1
DA:25,1
DA:26,2
DA:27,3
DA:28,1
DA:30,0
DA:34,0
DA:35,0
DA:36,0
DA:37,0
DA:38,0
DA:42,0
DA:43,0
DA:44,0
DA:45,0
DA:46,0
DA:47,0
DA:48,0
DA:49,0
DA:51,0
DA:52,0
DA:55,0
DA:56,0
DA:57,0
DA:58,0
DA:63,0
DA:64,0
DA:65,0
DA:66,0
DA:67,0
DA:70,0
DA:72,0
DA:73,0
DA:75,0
DA:76,0
DA:83,1
DA:87,1
DA:90,1
DA:91,0
DA:92,0
DA:93,0
DA:95,0
DA:98,0
DA:99,0
DA:108,2
DA:114,0
DA:115,0
DA:119,0
DA:120,0
DA:129,0
DA:131,0
DA:133,0
DA:135,0
DA:137,0
DA:138,0
DA:145,0
DA:146,0
DA:147,0
DA:148,0
DA:158,0
DA:160,0
DA:161,0
DA:163,0
DA:165,0
DA:166,0
DA:167,0
DA:184,0
DA:185,0
DA:186,0
DA:203,0
DA:204,0
DA:205,0
DA:211,0
DA:212,0
DA:213,0
DA:214,0
DA:216,0
DA:217,0
DA:219,0
DA:220,0
DA:221,0
DA:224,0
DA:229,0
DA:230,0
DA:232,0
DA:233,0
DA:234,0
DA:235,0
DA:251,0
DA:253,0
DA:255,0
DA:256,0
DA:257,0
DA:266,0
DA:270,0
DA:272,0
DA:274,0
DA:275,0
DA:277,0
DA:279,0
DA:281,0
DA:284,0
DA:286,0
DA:288,0
DA:290,0
LF:108
LH:12
end_of_record
SF:lib/screens/marketplace_screen.dart
DA:9,5
DA:11,1
DA:12,1
DA:20,1
DA:22,1
DA:23,2
DA:24,3
DA:25,1
DA:27,0
DA:31,0
DA:32,0
DA:33,0
DA:34,0
DA:37,0
DA:38,0
DA:40,0
DA:41,0
DA:42,0
DA:45,0
DA:46,0
DA:49,0
DA:50,0
DA:55,1
DA:57,2
DA:58,1
DA:60,1
DA:75,1
DA:77,1
DA:78,0
DA:79,0
DA:92,1
DA:93,0
DA:95,2
DA:97,0
DA:106,0
DA:108,0
DA:109,0
DA:112,1
DA:114,0
DA:126,0
DA:128,0
DA:131,0
DA:132,0
DA:134,0
DA:135,0
DA:136,0
DA:139,0
DA:140,0
DA:142,0
DA:144,0
DA:145,0
DA:149,0
DA:155,0
DA:157,0
DA:162,0
DA:164,0
DA:166,0
DA:167,0
DA:168,0
DA:175,0
DA:176,0
DA:189,0
DA:190,0
DA:197,0
DA:198,0
LF:65
LH:17
end_of_record
SF:lib/screens/menu_screen.dart
DA:15,5
DA:17,0
DA:19,0
DA:20,0
DA:23,0
DA:26,0
DA:28,0
DA:29,0
DA:31,0
DA:32,0
DA:42,0
DA:44,0
DA:45,0
DA:46,0
DA:48,0
DA:49,0
DA:54,0
DA:56,0
DA:57,0
DA:58,0
DA:60,0
DA:64,0
DA:66,0
DA:67,0
DA:68,0
DA:70,0
DA:78,0
DA:79,0
DA:81,0
DA:82,0
DA:83,0
DA:84,0
DA:86,0
DA:92,0
DA:93,0
DA:94,0
DA:96,0
DA:97,0
DA:103,0
DA:104,0
DA:105,0
DA:107,0
DA:116,0
DA:117,0
DA:118,0
DA:120,0
DA:121,0
DA:127,0
DA:128,0
DA:129,0
DA:131,0
DA:140,0
DA:141,0
DA:142,0
DA:144,0
DA:145,0
DA:151,0
DA:152,0
DA:153,0
DA:155,0
DA:161,0
DA:162,0
DA:163,0
DA:165,0
DA:166,0
DA:172,0
DA:173,0
DA:174,0
DA:176,0
DA:182,0
DA:183,0
DA:184,0
DA:185,0
DA:186,0
DA:198,0
DA:199,0
DA:200,0
DA:201,0
DA:202,0
DA:203,0
DA:204,0
DA:205,0
DA:207,0
DA:208,0
DA:209,0
DA:212,0
DA:213,0
LF:87
LH:1
end_of_record
SF:lib/screens/post_creation_screen.dart
DA:12,10
DA:14,1
DA:15,1
DA:31,0
DA:32,0
DA:35,0
DA:36,0
DA:37,0
DA:39,0
DA:43,0
DA:44,0
DA:45,0
DA:46,0
DA:49,0
DA:50,0
DA:51,0
DA:59,0
DA:60,0
DA:61,0
DA:62,0
DA:63,0
DA:67,0
DA:69,0
DA:70,0
DA:72,0
DA:75,0
DA:76,0
DA:80,0
DA:81,0
DA:82,0
DA:83,0
DA:86,0
DA:87,0
DA:93,0
DA:96,0
DA:97,0
DA:98,0
DA:102,0
DA:104,0
DA:105,0
DA:111,0
DA:112,0
DA:113,0
DA:114,0
DA:118,0
DA:119,0
DA:122,0
DA:123,0
DA:132,0
DA:135,0
DA:136,0
DA:139,0
DA:140,0
DA:141,0
DA:142,0
DA:146,0
DA:147,0
DA:151,0
DA:152,0
DA:157,1
DA:159,1
DA:160,1
DA:163,1
DA:164,1
DA:165,1
DA:166,4
DA:167,2
DA:168,2
DA:170,1
DA:171,1
DA:174,1
DA:175,1
DA:176,1
DA:180,1
DA:182,2
DA:186,1
DA:189,1
DA:190,1
DA:192,1
DA:193,1
DA:195,1
DA:196,1
DA:197,1
DA:199,0
DA:215,1
DA:216,1
DA:218,1
DA:219,1
DA:220,1
DA:221,1
DA:223,1
DA:224,1
DA:227,1
DA:228,1
DA:229,1
DA:233,0
DA:234,0
DA:235,0
DA:236,0
DA:244,1
DA:246,2
DA:248,1
DA:272,0
DA:276,1
DA:277,1
DA:284,1
DA:285,1
DA:292,1
DA:294,1
DA:295,0
DA:297,1
DA:299,1
DA:300,0
DA:301,0
DA:302,0
DA:306,1
DA:308,1
DA:309,1
DA:310,1
LF:119
LH:53
end_of_record
SF:lib/screens/search_screen.dart
DA:9,7
DA:11,0
DA:12,0
DA:19,0
DA:20,0
DA:21,0
DA:23,0
DA:24,0
DA:31,0
DA:35,0
DA:38,0
DA:39,0
DA:41,0
DA:43,0
DA:45,0
DA:46,0
DA:47,0
DA:49,0
DA:61,0
DA:66,0
DA:67,0
DA:68,0
DA:69,0
DA:74,0
DA:79,0
DA:80,0
DA:81,0
DA:82,0
DA:91,0
DA:93,0
DA:94,0
DA:95,0
DA:96,0
DA:97,0
DA:105,0
DA:107,0
DA:109,0
DA:110,0
DA:116,0
DA:118,0
DA:120,0
DA:121,0
DA:122,0
DA:131,0
DA:135,0
DA:137,0
DA:139,0
DA:140,0
DA:142,0
DA:144,0
DA:146,0
DA:149,0
DA:151,0
DA:153,0
DA:155,0
LF:55
LH:1
end_of_record
SF:lib/screens/welcome_screen.dart
DA:5,2
DA:7,0
DA:8,0
DA:12,0
DA:14,0
DA:15,0
DA:16,0
DA:17,0
DA:19,0
DA:25,0
DA:28,0
DA:30,0
LF:12
LH:1
end_of_record
SF:lib/screens/onboarding_screen.dart
DA:6,2
DA:8,0
DA:9,0
DA:23,0
DA:24,0
DA:25,0
DA:26,0
DA:27,0
DA:28,0
DA:29,0
DA:32,0
DA:33,0
DA:34,0
DA:39,0
DA:43,0
DA:44,0
DA:46,0
DA:47,0
DA:57,0
DA:59,0
DA:60,0
DA:61,0
DA:62,0
DA:63,0
DA:64,0
DA:65,0
DA:66,0
DA:67,0
DA:68,0
DA:70,0
DA:72,0
DA:75,0
DA:76,0
DA:80,0
DA:84,0
DA:86,0
DA:87,0
DA:88,0
DA:90,0
DA:91,0
DA:92,0
DA:93,0
DA:102,0
DA:104,0
LF:44
LH:1
end_of_record
SF:lib/providers/locale_provider.dart
DA:6,0
DA:8,0
DA:9,0
DA:10,0
DA:15,0
LF:5
LH:0
end_of_record
SF:lib/models/message.dart
DA:9,0
DA:18,0
DA:19,0
DA:21,0
DA:22,0
DA:23,0
DA:26,0
DA:28,0
DA:29,0
DA:30,0
DA:34,0
DA:35,0
DA:36,0
DA:37,0
DA:39,0
DA:40,0
DA:42,0
DA:45,0
DA:46,0
DA:48,0
DA:49,0
DA:50,0
DA:51,0
DA:54,0
DA:55,0
DA:56,0
DA:60,0
DA:63,0
DA:64,0
DA:65,0
DA:66,0
DA:67,0
DA:68,0
DA:69,0
LF:34
LH:0
end_of_record
SF:lib/models/notification.dart
DA:8,0
DA:16,0
DA:17,0
DA:19,0
DA:20,0
DA:21,0
DA:24,0
DA:26,0
DA:27,0
DA:28,0
DA:32,0
DA:33,0
DA:34,0
DA:35,0
DA:36,0
DA:37,0
DA:39,0
DA:42,0
DA:43,0
DA:45,0
DA:46,0
DA:47,0
DA:48,0
DA:51,0
DA:52,0
DA:53,0
DA:57,0
DA:60,0
DA:61,0
DA:62,0
DA:63,0
DA:64,0
DA:65,0
LF:33
LH:0
end_of_record
SF:lib/models/profile.dart
DA:10,1
DA:20,0
DA:21,0
DA:23,0
DA:24,0
DA:25,0
DA:28,0
DA:30,0
DA:31,0
DA:32,0
DA:36,0
DA:37,0
DA:38,0
DA:39,0
DA:40,0
DA:41,0
DA:42,0
DA:43,0
LF:18
LH:1
end_of_record
SF:lib/services/feed_service.dart
DA:8,0
DA:9,0
DA:10,0
DA:11,0
DA:12,0
DA:14,0
DA:15,0
DA:16,0
DA:17,0
DA:20,0
DA:23,0
DA:24,0
DA:25,0
DA:29,0
DA:30,0
DA:31,0
DA:32,0
DA:33,0
DA:34,0
DA:35,0
DA:36,0
LF:21
LH:0
end_of_record
SF:lib/screens/auth/email_input_screen.dart
DA:7,2
DA:9,0
DA:11,0
DA:12,0
DA:14,0
DA:15,0
DA:22,0
DA:23,0
DA:25,0
DA:27,0
DA:33,0
DA:42,0
DA:43,0
DA:44,0
DA:45,0
DA:46,0
DA:47,0
DA:53,0
DA:56,0
DA:64,0
DA:65,0
DA:69,0
LF:22
LH:1
end_of_record
SF:lib/screens/chat_list_screen.dart
DA:12,5
DA:14,1
DA:15,1
DA:23,1
DA:25,1
DA:26,2
DA:27,3
DA:28,1
DA:30,0
DA:34,0
DA:35,0
DA:37,0
DA:38,0
DA:41,0
DA:42,0
DA:46,0
DA:49,0
DA:50,0
DA:51,0
DA:52,0
DA:53,0
DA:55,0
DA:61,1
DA:63,1
DA:66,2
DA:71,1
DA:72,2
DA:90,0
DA:91,0
DA:92,0
DA:94,0
DA:99,0
DA:100,0
DA:114,0
DA:115,0
DA:116,0
DA:117,0
DA:120,0
DA:121,0
DA:122,0
DA:123,0
DA:128,0
DA:129,0
DA:130,0
DA:131,0
DA:145,0
DA:146,0
DA:148,0
DA:149,0
DA:150,0
DA:151,0
DA:155,0
DA:156,0
DA:158,0
DA:159,0
DA:160,0
DA:161,0
DA:162,0
DA:163,0
DA:164,0
DA:165,0
DA:166,0
DA:167,0
DA:168,0
DA:169,0
DA:170,0
DA:171,0
DA:173,0
DA:174,0
DA:175,0
DA:178,0
DA:182,0
DA:186,0
DA:187,0
DA:191,0
DA:192,0
DA:195,0
DA:196,0
DA:197,0
DA:199,0
DA:200,0
LF:81
LH:13
end_of_record
SF:lib/services/messages_service.dart
DA:5,0
DA:9,0
DA:10,0
DA:16,0
DA:17,0
DA:18,0
DA:19,0
DA:20,0
DA:21,0
DA:22,0
DA:23,0
DA:24,0
DA:25,0
DA:26,0
DA:28,0
DA:29,0
DA:34,0
DA:38,0
DA:39,0
DA:40,0
DA:41,0
DA:45,0
LF:22
LH:0
end_of_record
SF:lib/screens/chat_screen.dart
DA:10,2
DA:18,0
DA:19,0
DA:23,0
DA:25,0
DA:28,0
DA:30,0
DA:33,0
DA:34,0
DA:38,0
DA:39,0
DA:40,0
DA:42,0
DA:43,0
DA:46,0
DA:51,0
DA:52,0
DA:53,0
LF:18
LH:1
end_of_record
SF:lib/utils/test_user_override.dart
DA:5,1
DA:7,2
DA:12,1
DA:37,0
LF:4
LH:3
end_of_record
SF:lib/screens/nearby_highlights_screen.dart
DA:7,2
DA:9,0
DA:10,0
DA:18,0
DA:20,0
DA:21,0
DA:24,0
DA:28,0
DA:30,0
DA:33,0
DA:35,0
DA:36,0
DA:38,0
DA:49,0
DA:51,0
DA:53,0
DA:54,0
DA:55,0
DA:57,0
DA:58,0
DA:59,0
DA:60,0
DA:61,0
DA:63,0
DA:64,0
DA:65,0
DA:66,0
DA:68,0
DA:69,0
DA:73,0
DA:75,0
DA:76,0
DA:78,0
DA:80,0
DA:81,0
DA:82,0
DA:86,0
DA:91,0
DA:93,0
DA:102,0
DA:104,0
DA:106,0
DA:107,0
DA:115,0
DA:116,0
DA:132,0
DA:133,0
DA:134,0
DA:138,0
LF:49
LH:1
end_of_record
SF:lib/widgets/post_widget.dart
DA:7,0
DA:9,0
DA:12,0
DA:14,0
DA:16,0
DA:17,0
DA:20,0
DA:21,0
DA:24,0
DA:26,0
DA:28,0
DA:29,0
DA:31,0
DA:32,0
DA:34,0
DA:36,0
DA:38,0
DA:39,0
DA:41,0
DA:47,0
DA:49,0
DA:54,0
DA:56,0
DA:58,0
DA:59,0
DA:64,0
DA:66,0
DA:67,0
DA:68,0
DA:71,0
DA:73,0
DA:76,0
LF:32
LH:0
end_of_record
SF:lib/widgets/bottom_nav_bar.dart
DA:6,0
DA:12,0
DA:14,0
DA:15,0
DA:16,0
DA:18,0
LF:6
LH:0
end_of_record
SF:lib/screens/menu/account_screen.dart
DA:7,2
DA:9,0
DA:12,0
DA:15,0
DA:16,0
DA:23,0
DA:25,0
DA:27,0
DA:38,0
DA:45,0
DA:50,0
DA:52,0
DA:53,0
DA:54,0
DA:66,0
DA:68,0
DA:69,0
DA:70,0
DA:74,0
DA:75,0
DA:78,0
DA:81,0
DA:82,0
DA:83,0
DA:88,0
DA:89,0
DA:90,0
LF:27
LH:1
end_of_record
SF:lib/screens/menu/contact_us_screen.dart
DA:6,2
DA:8,0
DA:9,0
DA:14,0
DA:15,0
DA:19,0
DA:21,0
DA:22,0
DA:29,0
DA:31,0
DA:33,0
DA:44,0
DA:45,0
DA:46,0
DA:50,0
LF:15
LH:1
end_of_record
SF:lib/screens/menu/privacy_policy_screen.dart
DA:4,2
DA:6,0
DA:8,0
DA:9,0
LF:4
LH:1
end_of_record
SF:lib/screens/messages_screen.dart
DA:6,2
DA:7,0
DA:10,0
DA:11,0
LF:4
LH:1
end_of_record
SF:lib/widgets/messages_stream_widget.dart
DA:8,2
DA:10,0
DA:12,0
DA:13,0
DA:14,0
DA:15,0
DA:18,0
DA:19,0
DA:20,0
DA:21,0
DA:26,0
DA:27,0
DA:30,0
DA:31,0
DA:32,0
DA:33,0
DA:34,0
DA:35,0
DA:36,0
DA:37,0
DA:38,0
DA:41,0
LF:22
LH:1
end_of_record
SF:lib/screens/post_details_screen.dart
DA:6,0
DA:8,0
DA:9,0
DA:13,0
DA:15,0
DA:19,0
DA:23,0
DA:24,0
DA:31,0
LF:9
LH:0
end_of_record
